============================================================
[RUN_ALL] VERSION=20260220_FINAL_STABLE
[RUN_ALL] RUN_ID=20260220_171002
[RUN_ALL] RUN_DIR=C:\TradingSystem\data\out\runs\20260220_171002
[RUN_ALL] started=2026/02/20 ¶g¤­ 17:10:02.90
============================================================
[PIPELINE_STATUS] reset run_id=20260220_171002
[PIPELINE_STATUS] json=C:\TradingSystem\data\out\runs\20260220_171002\PIPELINE_STATUS.json
[PIPELINE_STATUS] txt =C:\TradingSystem\data\out\runs\20260220_171002\PIPELINE_STATUS.txt
===============================
[RUN_ALL] STAGE=fetch TRY=1/3
===============================
[PIPELINE_STATUS] stage=fetch status=RUNNING overall=RUNNING
[PIPELINE_STATUS] json=C:\TradingSystem\data\out\runs\20260220_171002\PIPELINE_STATUS.json
[PIPELINE_STATUS] txt =C:\TradingSystem\data\out\runs\20260220_171002\PIPELINE_STATUS.txt
[CMD] call "C:\TradingSystem\run_daily_parts.bat" fetch
[RUN_ALL] STAGE=fetch RC=0
[PIPELINE_STATUS] stage=fetch status=SUCCESS overall=SUCCESS
[PIPELINE_STATUS] json=C:\TradingSystem\data\out\runs\20260220_171002\PIPELINE_STATUS.json
[PIPELINE_STATUS] txt =C:\TradingSystem\data\out\runs\20260220_171002\PIPELINE_STATUS.txt
===============================
[RUN_ALL] STAGE=prepare TRY=1/1
===============================
[PIPELINE_STATUS] stage=prepare status=RUNNING overall=RUNNING
[PIPELINE_STATUS] json=C:\TradingSystem\data\out\runs\20260220_171002\PIPELINE_STATUS.json
[PIPELINE_STATUS] txt =C:\TradingSystem\data\out\runs\20260220_171002\PIPELINE_STATUS.txt
[CMD] call "C:\TradingSystem\run_daily_parts.bat" prepare
[RUN_ALL] STAGE=prepare RC=0
[PIPELINE_STATUS] stage=prepare status=SUCCESS overall=SUCCESS
[PIPELINE_STATUS] json=C:\TradingSystem\data\out\runs\20260220_171002\PIPELINE_STATUS.json
[PIPELINE_STATUS] txt =C:\TradingSystem\data\out\runs\20260220_171002\PIPELINE_STATUS.txt
===============================
[RUN_ALL] STAGE=quality TRY=1/1
===============================
[PIPELINE_STATUS] stage=quality status=RUNNING overall=RUNNING
[PIPELINE_STATUS] json=C:\TradingSystem\data\out\runs\20260220_171002\PIPELINE_STATUS.json
[PIPELINE_STATUS] txt =C:\TradingSystem\data\out\runs\20260220_171002\PIPELINE_STATUS.txt
[CMD] call "C:\TradingSystem\run_quality_gate.bat"
