============================================================ 
[RUN_ALL] VERSION=20260219_FINAL_STABLE
[RUN_ALL] RUN_ID=20260220_012646
[RUN_ALL] RUN_DIR=C:\TradingSystem\data\out\runs\20260220_012646
[RUN_ALL] started=2026/02/20 ¶g¤­  1:26:46.63
============================================================
[PIPELINE_STATUS] reset run_id=20260220_012646
[PIPELINE_STATUS] json=C:\TradingSystem\data\out\runs\20260220_012646\PIPELINE_STATUS.json
[PIPELINE_STATUS] txt =C:\TradingSystem\data\out\runs\20260220_012646\PIPELINE_STATUS.txt
===============================
[RUN_ALL] STAGE=fetch TRY=1/3
===============================
[PIPELINE_STATUS] stage=fetch status=RUNNING overall=RUNNING
[PIPELINE_STATUS] json=C:\TradingSystem\data\out\runs\20260220_012646\PIPELINE_STATUS.json
[PIPELINE_STATUS] txt =C:\TradingSystem\data\out\runs\20260220_012646\PIPELINE_STATUS.txt
[CMD] call "C:\TradingSystem\run_daily_parts.bat" fetch
===============================
[V7] PARTS  RUN_ID=20260220_012646
[V7] PARTS  RUN_DIR=C:\TradingSystem\data\out\runs\20260220_012646
===============================
===============================
[V7] FETCH (RUN_ID=20260220_012646)
===============================
[FETCH] ok. log="C:\TradingSystem\data\out\runs\20260220_012646\fetch.log"
[PIPELINE_STATUS] stage=fetch status=SUCCESS overall=SUCCESS
[PIPELINE_STATUS] json=C:\TradingSystem\data\out\runs\20260220_012646\PIPELINE_STATUS.json
[PIPELINE_STATUS] txt =C:\TradingSystem\data\out\runs\20260220_012646\PIPELINE_STATUS.txt
===============================
[RUN_ALL] STAGE=prepare TRY=1/1
===============================
[PIPELINE_STATUS] stage=prepare status=RUNNING overall=RUNNING
[PIPELINE_STATUS] json=C:\TradingSystem\data\out\runs\20260220_012646\PIPELINE_STATUS.json
[PIPELINE_STATUS] txt =C:\TradingSystem\data\out\runs\20260220_012646\PIPELINE_STATUS.txt
[CMD] call "C:\TradingSystem\run_daily_parts.bat" prepare
===============================
[V7] PARTS  RUN_ID=20260220_012646
[V7] PARTS  RUN_DIR=C:\TradingSystem\data\out\runs\20260220_012646
===============================
===============================
[V7] PREPARE (RUN_ID=20260220_012646)
===============================
[PREPARE] ok. log="C:\TradingSystem\data\out\runs\20260220_012646\prepare.log"
[PIPELINE_STATUS] stage=prepare status=SUCCESS overall=SUCCESS
[PIPELINE_STATUS] json=C:\TradingSystem\data\out\runs\20260220_012646\PIPELINE_STATUS.json
[PIPELINE_STATUS] txt =C:\TradingSystem\data\out\runs\20260220_012646\PIPELINE_STATUS.txt
===============================
[RUN_ALL] STAGE=quality TRY=1/1
===============================
[PIPELINE_STATUS] stage=quality status=RUNNING overall=RUNNING
[PIPELINE_STATUS] json=C:\TradingSystem\data\out\runs\20260220_012646\PIPELINE_STATUS.json
[PIPELINE_STATUS] txt =C:\TradingSystem\data\out\runs\20260220_012646\PIPELINE_STATUS.txt
[CMD] call "C:\TradingSystem\run_quality_gate.bat"
[QUALITY_GATE] PASS: bad_close=17 (0.95%) bad_trade_value=6 (0.34%)
[PIPELINE_STATUS] stage=quality status=SUCCESS overall=SUCCESS
[PIPELINE_STATUS] json=C:\TradingSystem\data\out\runs\20260220_012646\PIPELINE_STATUS.json
[PIPELINE_STATUS] txt =C:\TradingSystem\data\out\runs\20260220_012646\PIPELINE_STATUS.txt
===============================
[RUN_ALL] STAGE=oneclick TRY=1/2
===============================
[PIPELINE_STATUS] stage=oneclick status=RUNNING overall=RUNNING
[PIPELINE_STATUS] json=C:\TradingSystem\data\out\runs\20260220_012646\PIPELINE_STATUS.json
[PIPELINE_STATUS] txt =C:\TradingSystem\data\out\runs\20260220_012646\PIPELINE_STATUS.txt
[CMD] call "C:\TradingSystem\run_daily_parts.bat" oneclick
===============================
[V7] PARTS  RUN_ID=20260220_012646
[V7] PARTS  RUN_DIR=C:\TradingSystem\data\out\runs\20260220_012646
===============================
===============================
[V7] ONECLICK (RUN_ID=20260220_012646)
===============================
[ONECLICK] ok. log="C:\TradingSystem\data\out\runs\20260220_012646\oneclick.log"
[PIPELINE_STATUS] stage=oneclick status=SUCCESS overall=SUCCESS
[PIPELINE_STATUS] json=C:\TradingSystem\data\out\runs\20260220_012646\PIPELINE_STATUS.json
[PIPELINE_STATUS] txt =C:\TradingSystem\data\out\runs\20260220_012646\PIPELINE_STATUS.txt
===============================
[RUN_ALL] STAGE=report TRY=1/2
===============================
[PIPELINE_STATUS] stage=report status=RUNNING overall=RUNNING
[PIPELINE_STATUS] json=C:\TradingSystem\data\out\runs\20260220_012646\PIPELINE_STATUS.json
[PIPELINE_STATUS] txt =C:\TradingSystem\data\out\runs\20260220_012646\PIPELINE_STATUS.txt
[CMD] call "C:\TradingSystem\run_report.bat"
[RC]=9009
[RUN_REPORT] FAILED. log=C:\TradingSystem\data\out\runs\20260220_012646\report.log
[RUN_ALL] STAGE=report RC=9009
[RUN_ALL] retry in 15 sec...
===============================
[RUN_ALL] STAGE=report TRY=2/2
===============================
[PIPELINE_STATUS] stage=report status=RUNNING overall=RUNNING
[PIPELINE_STATUS] json=C:\TradingSystem\data\out\runs\20260220_012646\PIPELINE_STATUS.json
[PIPELINE_STATUS] txt =C:\TradingSystem\data\out\runs\20260220_012646\PIPELINE_STATUS.txt
[CMD] call "C:\TradingSystem\run_report.bat"
[RC]=9009
[RUN_REPORT] FAILED. log=C:\TradingSystem\data\out\runs\20260220_012646\report.log
[RUN_ALL] STAGE=report RC=9009
[PIPELINE_STATUS] stage=report status=FAILED overall=FAILED
[PIPELINE_STATUS] json=C:\TradingSystem\data\out\runs\20260220_012646\PIPELINE_STATUS.json
[PIPELINE_STATUS] txt =C:\TradingSystem\data\out\runs\20260220_012646\PIPELINE_STATUS.txt
[PIPELINE_STATUS] stage=overall status=FAILED overall=FAILED
[PIPELINE_STATUS] json=C:\TradingSystem\data\out\runs\20260220_012646\PIPELINE_STATUS.json
[PIPELINE_STATUS] txt =C:\TradingSystem\data\out\runs\20260220_012646\PIPELINE_STATUS.txt
[RUN_ALL] FAILED
[RUN_ALL] finished=2026/02/20 ¶g¤­  1:27:07.73
