[START] 2026-02-11T20:20:52
[BASE] C:\TradingSystem
[FALLBACK_DIR] C:\TradingSystem\fallback_core
[RUN_KEY_PRIMARY] pre||C:\TradingSystem\daily_input.csv||C:\TradingSystem\daily_top20.csv
[INPUT] C:\TradingSystem\daily_input.csv
[OUTPUT_PRIMARY] C:\TradingSystem\daily_out.csv
[TOP20_PRIMARY] C:\TradingSystem\daily_top20.csv

================================================================================
[RUN] cwd=C:\TradingSystem
[CMD] C:\Python312\python.exe C:\TradingSystem\daily_auto_run_final.py --input C:\TradingSystem\daily_input.csv --output C:\TradingSystem\daily_out.csv --mode pre --top20 C:\TradingSystem\daily_top20.csv
Traceback (most recent call last):
  File "C:\TradingSystem\daily_auto_run_final.py", line 160, in <module>
    main()
  File "C:\TradingSystem\daily_auto_run_final.py", line 151, in main
    run_pipeline(
  File "C:\TradingSystem\daily_auto_run_final.py", line 112, in run_pipeline
    df = _read_any(in_path)
         ^^^^^^^^^^^^^^^^^^
  File "C:\TradingSystem\daily_auto_run_final.py", line 24, in _read_any
    raise FileNotFoundError(f"Input file not found: {path}")
FileNotFoundError: Input file not found: C:\TradingSystem\daily_input.csv

!!!!!!!!!!!!!!!!!!!!!!!!!!!!!!!!!!!!!!!!!!!!!!!!!!!!!!!!!!!!!!!!!!!!!!!!!!!!!!!!
FALLBACK TRIGGERED: PRIMARY FAILED (returncode=1)
Fallback outputs will be tagged with __FALLBACK
!!!!!!!!!!!!!!!!!!!!!!!!!!!!!!!!!!!!!!!!!!!!!!!!!!!!!!!!!!!!!!!!!!!!!!!!!!!!!!!!

[OUTPUT_FALLBACK] C:\TradingSystem\daily_out__FALLBACK.csv
[TOP20_FALLBACK] C:\TradingSystem\daily_top20__FALLBACK.csv
[RUN_KEY_FALLBACK] pre||C:\TradingSystem\daily_input.csv||C:\TradingSystem\daily_top20__FALLBACK.csv

================================================================================
[RUN] cwd=C:\TradingSystem\fallback_core
[CMD] C:\Python312\python.exe C:\TradingSystem\fallback_core\daily_auto_run_final.py --input C:\TradingSystem\daily_input.csv --output C:\TradingSystem\daily_out__FALLBACK.csv --mode pre --top20 C:\TradingSystem\daily_top20__FALLBACK.csv
Traceback (most recent call last):
  File "C:\TradingSystem\fallback_core\daily_auto_run_final.py", line 99, in <module>
    main()
  File "C:\TradingSystem\fallback_core\daily_auto_run_final.py", line 90, in main
    run_pipeline(
  File "C:\TradingSystem\fallback_core\daily_auto_run_final.py", line 66, in run_pipeline
    df = _read_any(in_path)
         ^^^^^^^^^^^^^^^^^^
  File "C:\TradingSystem\fallback_core\daily_auto_run_final.py", line 26, in _read_any
    raise FileNotFoundError(f"Input file not found: {path}")
FileNotFoundError: Input file not found: C:\TradingSystem\daily_input.csv
