[START] 2026-02-12T00:56:07
[BASE] C:\TradingSystem
[FALLBACK_DIR] C:\TradingSystem\fallback_core
[INPUT] C:\TradingSystem\daily_input.csv
[OUTPUT_PRIMARY] C:\TradingSystem\daily_out.csv
[TOP20_PRIMARY] C:\TradingSystem\daily_top20.csv
[RUN_KEY_PRIMARY] pre||C:\TradingSystem\daily_input.csv||d65cb6d672aabb13060e82d7559a2309bed1b591787dc3e7b8239c781dd2d1f5||C:\TradingSystem\daily_top20.csv
[INPUT_SHA256] d65cb6d672aabb13060e82d7559a2309bed1b591787dc3e7b8239c781dd2d1f5

================================================================================
[RUN] cwd=C:\TradingSystem
[CMD] C:\Python312\python.exe C:\TradingSystem\daily_auto_run_final.py --input C:\TradingSystem\daily_input.csv --output C:\TradingSystem\daily_out.csv --mode pre --top20 C:\TradingSystem\daily_top20.csv

!!!!!!!!!!!!!!!!!!!!!!!!!!!!!!!!!!!!!!!!!!!!!!!!!!!!!!!!!!!!!!!!!!!!!!!!!!!!!!!!
FALLBACK TRIGGERED: PRIMARY OUTPUT INVALID: Output schema assertion failed: missing required columns.
missing=['code']
output=C:\TradingSystem\daily_out.csv
has=['\ufeffcode', 'name', 'market', 'close', 'volume', 'trade_value', 'turnover', 'short_used_ratio', 'margin_used_ratio', 'tv_rank_mkt', 'tv_pct_mkt', 'light_full', 'light_decision', 'light_top20']
Fallback outputs will be tagged with __FALLBACK
!!!!!!!!!!!!!!!!!!!!!!!!!!!!!!!!!!!!!!!!!!!!!!!!!!!!!!!!!!!!!!!!!!!!!!!!!!!!!!!!

[OUTPUT_FALLBACK] C:\TradingSystem\daily_out__FALLBACK.csv
[TOP20_FALLBACK] C:\TradingSystem\daily_top20__FALLBACK.csv
[RUN_KEY_FALLBACK] pre||C:\TradingSystem\daily_input.csv||d65cb6d672aabb13060e82d7559a2309bed1b591787dc3e7b8239c781dd2d1f5||C:\TradingSystem\daily_top20__FALLBACK.csv

================================================================================
[RUN] cwd=C:\TradingSystem\fallback_core
[CMD] C:\Python312\python.exe C:\TradingSystem\fallback_core\daily_auto_run_final.py --input C:\TradingSystem\daily_input.csv --output C:\TradingSystem\daily_out__FALLBACK.csv --mode pre --top20 C:\TradingSystem\daily_top20__FALLBACK.csv
Fallback rc=0 but outputs invalid: Output schema assertion failed: missing required columns.
missing=['code']
output=C:\TradingSystem\daily_out__FALLBACK.csv
has=['\ufeffcode', 'name', 'market', 'close', 'volume', 'trade_value', 'turnover', 'short_used_ratio', 'margin_used_ratio', 'tv_rank_mkt', 'tv_pct_mkt', 'light_full', 'light_decision', 'light_top20']
